<?xml version="1.0" encoding="UTF-8"?>
<!-- Generated by org.testng.reporters.JUnitReportReporter -->
<testsuite skipped="0" hostname="DESKTOP-N51RDEP" name="com.swap.TestCases.TC_NewCustomer_003" tests="1" failures="0" timestamp="17 Jul 2021 03:58:10 GMT" time="12.114" errors="0">
  <testcase name="addNewCustomer" time="12.114" classname="com.swap.TestCases.TC_NewCustomer_003"/>
</testsuite> <!-- com.swap.TestCases.TC_NewCustomer_003 -->
