<?xml version="1.0" encoding="UTF-8"?>
<!-- Generated by org.testng.reporters.JUnitReportReporter -->
<testsuite skipped="0" hostname="DESKTOP-N51RDEP" name="com.swap.TestCases.TC_LoginTest_001" tests="1" failures="0" timestamp="18 Jul 2021 11:28:03 GMT" time="2.724" errors="0">
  <testcase name="loginTest" time="2.724" classname="com.swap.TestCases.TC_LoginTest_001"/>
</testsuite> <!-- com.swap.TestCases.TC_LoginTest_001 -->
